0 info it worked if it ends with ok
1 verbose cli [ 'C:\\Program Files\\nodejs\\node.exe',
1 verbose cli   'C:\\Program Files\\nodejs\\node_modules\\npm\\bin\\npm-cli.js',
1 verbose cli   'start' ]
2 info using npm@3.10.10
3 info using node@v6.10.3
4 verbose run-script [ 'prestart', 'start', 'poststart' ]
5 info lifecycle pluralsight-redux-starter@1.0.0~prestart: pluralsight-redux-starter@1.0.0
6 verbose lifecycle pluralsight-redux-starter@1.0.0~prestart: unsafe-perm in lifecycle true
7 verbose lifecycle pluralsight-redux-starter@1.0.0~prestart: PATH: C:\Program Files\nodejs\node_modules\npm\bin\node-gyp-bin;C:\Salil\Projects\Coding\React\reactreduxpracticepluralsight\node_modules\.bin;C:\Program Files\Git\mingw64\bin;C:\Program Files\Git\usr\bin;C:\Users\S771108\bin;C:\Program Files (x86)\iis express\PHP\v5.6;C:\Program Files (x86)\Intel\iCLS Client;C:\Program Files\Intel\iCLS Client;C:\windows\system32;C:\windows;C:\windows\System32\Wbem;C:\windows\System32\WindowsPowerShell\v1.0;C:\Program Files (x86)\WebEx\Productivity Tools;C:\Program Files (x86)\Sennheiser\SoftphoneSDK;C:\Users\S771108\.dnx\bin;C:\Program Files\Microsoft DNX\Dnvm;C:\Program Files\Microsoft SQL Server\130\Tools\Binn;C:\Program Files (x86)\Microsoft SQL Server\Client SDK\ODBC\130\Tools\Binn;C:\Program Files (x86)\Microsoft SQL Server\130\Tools\Binn;C:\Program Files (x86)\Microsoft SQL Server\130\DTS\Binn;C:\Program Files (x86)\Microsoft SQL Server\130\Tools\Binn\ManagementStudio;C:\Program;C:\Program Files\Git\cmd;C:\Program Files (x86)\Intel\Intel(R) Management Engine Components\DAL;C:\Program Files\Intel\Intel(R) Management Engine Components\DAL;C:\Program Files (x86)\Intel\Intel(R) Management Engine Components\IPT;C:\Program Files\Intel\Intel(R) Management Engine Components\IPT;C:\Program Files\Microsoft SQL Server\Client SDK\ODBC\130\Tools\Binn;C:\Program Files\Microsoft SQL Server\130\DTS\Binn;C:\WINDOWS\system32;C:\WINDOWS;C:\WINDOWS\System32\Wbem;C:\WINDOWS\System32\WindowsPowerShell\v1.0;C:\Program Files (x86)\Skype\Phone;C:\Program Files\dotnet;C:\Program Files\TortoiseGit\bin;C:\Program Files (x86)\WebEx\PTools020000000;C:\Program Files\nodejs;C:\Program Files (x86)\Microsoft VS Code\bin;C:\Users\S771108\AppData\Local\Microsoft\WindowsApps;C:\Users\S771108\AppData\Roaming\npm
8 verbose lifecycle pluralsight-redux-starter@1.0.0~prestart: CWD: C:\Salil\Projects\Coding\React\reactreduxpracticepluralsight
9 silly lifecycle pluralsight-redux-starter@1.0.0~prestart: Args: [ '/d /s /c', ' babel-node tools/startMessage.js' ]
10 silly lifecycle pluralsight-redux-starter@1.0.0~prestart: Returned: code: 0  signal: null
11 info lifecycle pluralsight-redux-starter@1.0.0~start: pluralsight-redux-starter@1.0.0
12 verbose lifecycle pluralsight-redux-starter@1.0.0~start: unsafe-perm in lifecycle true
13 verbose lifecycle pluralsight-redux-starter@1.0.0~start: PATH: C:\Program Files\nodejs\node_modules\npm\bin\node-gyp-bin;C:\Salil\Projects\Coding\React\reactreduxpracticepluralsight\node_modules\.bin;C:\Program Files\Git\mingw64\bin;C:\Program Files\Git\usr\bin;C:\Users\S771108\bin;C:\Program Files (x86)\iis express\PHP\v5.6;C:\Program Files (x86)\Intel\iCLS Client;C:\Program Files\Intel\iCLS Client;C:\windows\system32;C:\windows;C:\windows\System32\Wbem;C:\windows\System32\WindowsPowerShell\v1.0;C:\Program Files (x86)\WebEx\Productivity Tools;C:\Program Files (x86)\Sennheiser\SoftphoneSDK;C:\Users\S771108\.dnx\bin;C:\Program Files\Microsoft DNX\Dnvm;C:\Program Files\Microsoft SQL Server\130\Tools\Binn;C:\Program Files (x86)\Microsoft SQL Server\Client SDK\ODBC\130\Tools\Binn;C:\Program Files (x86)\Microsoft SQL Server\130\Tools\Binn;C:\Program Files (x86)\Microsoft SQL Server\130\DTS\Binn;C:\Program Files (x86)\Microsoft SQL Server\130\Tools\Binn\ManagementStudio;C:\Program;C:\Program Files\Git\cmd;C:\Program Files (x86)\Intel\Intel(R) Management Engine Components\DAL;C:\Program Files\Intel\Intel(R) Management Engine Components\DAL;C:\Program Files (x86)\Intel\Intel(R) Management Engine Components\IPT;C:\Program Files\Intel\Intel(R) Management Engine Components\IPT;C:\Program Files\Microsoft SQL Server\Client SDK\ODBC\130\Tools\Binn;C:\Program Files\Microsoft SQL Server\130\DTS\Binn;C:\WINDOWS\system32;C:\WINDOWS;C:\WINDOWS\System32\Wbem;C:\WINDOWS\System32\WindowsPowerShell\v1.0;C:\Program Files (x86)\Skype\Phone;C:\Program Files\dotnet;C:\Program Files\TortoiseGit\bin;C:\Program Files (x86)\WebEx\PTools020000000;C:\Program Files\nodejs;C:\Program Files (x86)\Microsoft VS Code\bin;C:\Users\S771108\AppData\Local\Microsoft\WindowsApps;C:\Users\S771108\AppData\Roaming\npm
14 verbose lifecycle pluralsight-redux-starter@1.0.0~start: CWD: C:\Salil\Projects\Coding\React\reactreduxpracticepluralsight
15 silly lifecycle pluralsight-redux-starter@1.0.0~start: Args: [ '/d /s /c',
15 silly lifecycle   'npm-run-all --parallel open:src lint:watch test:watch' ]
16 silly lifecycle pluralsight-redux-starter@1.0.0~start: Returned: code: 1  signal: null
17 info lifecycle pluralsight-redux-starter@1.0.0~start: Failed to exec start script
18 verbose stack Error: pluralsight-redux-starter@1.0.0 start: `npm-run-all --parallel open:src lint:watch test:watch`
18 verbose stack Exit status 1
18 verbose stack     at EventEmitter.<anonymous> (C:\Program Files\nodejs\node_modules\npm\lib\utils\lifecycle.js:255:16)
18 verbose stack     at emitTwo (events.js:106:13)
18 verbose stack     at EventEmitter.emit (events.js:191:7)
18 verbose stack     at ChildProcess.<anonymous> (C:\Program Files\nodejs\node_modules\npm\lib\utils\spawn.js:40:14)
18 verbose stack     at emitTwo (events.js:106:13)
18 verbose stack     at ChildProcess.emit (events.js:191:7)
18 verbose stack     at maybeClose (internal/child_process.js:886:16)
18 verbose stack     at Process.ChildProcess._handle.onexit (internal/child_process.js:226:5)
19 verbose pkgid pluralsight-redux-starter@1.0.0
20 verbose cwd C:\Salil\Projects\Coding\React\reactreduxpracticepluralsight
21 error Windows_NT 10.0.14393
22 error argv "C:\\Program Files\\nodejs\\node.exe" "C:\\Program Files\\nodejs\\node_modules\\npm\\bin\\npm-cli.js" "start"
23 error node v6.10.3
24 error npm  v3.10.10
25 error code ELIFECYCLE
26 error pluralsight-redux-starter@1.0.0 start: `npm-run-all --parallel open:src lint:watch test:watch`
26 error Exit status 1
27 error Failed at the pluralsight-redux-starter@1.0.0 start script 'npm-run-all --parallel open:src lint:watch test:watch'.
27 error Make sure you have the latest version of node.js and npm installed.
27 error If you do, this is most likely a problem with the pluralsight-redux-starter package,
27 error not with npm itself.
27 error Tell the author that this fails on your system:
27 error     npm-run-all --parallel open:src lint:watch test:watch
27 error You can get information on how to open an issue for this project with:
27 error     npm bugs pluralsight-redux-starter
27 error Or if that isn't available, you can get their info via:
27 error     npm owner ls pluralsight-redux-starter
27 error There is likely additional logging output above.
28 verbose exit [ 1, true ]
